# JRE version: OpenJDK Runtime Environment (17.0.11) (build 17.0.11+0--11852314)
# Java VM: OpenJDK 64-Bit Server VM (17.0.11+0--11852314, mixed mode, tiered, compressed oops, compressed class ptrs, g1 gc, windows-amd64)
GC Precious Log:
 CPUs: 4 total, 4 available
 Memory: 8072M
 Large Page Support: Disabled
 NUMA Support: Disabled
 Compressed Oops: Enabled (32-bit)
 Heap Region Size: 1M
 Heap Min Capacity: 8M
 Heap Initial Capacity: 128M
 Heap Max Capacity: 2G
 Pre-touch: Disabled
 Parallel Workers: 4
 Concurrent Workers: 1
 Concurrent Refinement Workers: 4
 Periodic GC: Disabled
Heap:
 garbage-first heap   total 488448K, used 260049K [0x0000000080000000, 0x0000000100000000)
  region size 1024K, 22 young (22528K), 22 survivors (22528K)
 Metaspace       used 173956K, committed 175168K, reserved 1245184K
  class space    used 22832K, committed 23424K, reserved 1048576K
GC Heap History (20 events):
Event: 717.835 GC heap after
{Heap after GC invocations=106 (full 0):
 garbage-first heap   total 365568K, used 279804K [0x0000000080000000, 0x0000000100000000)
  region size 1024K, 6 young (6144K), 6 survivors (6144K)
 Metaspace       used 156362K, committed 157568K, reserved 1245184K
  class space    used 20335K, committed 20928K, reserved 1048576K
}
Event: 718.487 GC heap before
{Heap before GC invocations=106 (full 0):
 garbage-first heap   total 365568K, used 314620K [0x0000000080000000, 0x0000000100000000)
  region size 1024K, 41 young (41984K), 6 survivors (6144K)
 Metaspace       used 160085K, committed 161216K, reserved 1245184K
  class space    used 20875K, committed 21440K, reserved 1048576K
}
Event: 718.506 GC heap after
{Heap after GC invocations=107 (full 0):
 garbage-first heap   total 365568K, used 283384K [0x0000000080000000, 0x0000000100000000)
  region size 1024K, 4 young (4096K), 4 survivors (4096K)
 Metaspace       used 160085K, committed 161216K, reserved 1245184K
  class space    used 20875K, committed 21440K, reserved 1048576K
}
Event: 719.228 GC heap before
{Heap before GC invocations=107 (full 0):
 garbage-first heap   total 365568K, used 315128K [0x0000000080000000, 0x0000000100000000)
  region size 1024K, 36 young (36864K), 4 survivors (4096K)
 Metaspace       used 163460K, committed 164672K, reserved 1245184K
  class space    used 21479K, committed 22080K, reserved 1048576K
}
Event: 719.242 GC heap after
{Heap after GC invocations=108 (full 0):
 garbage-first heap   total 365568K, used 285226K [0x0000000080000000, 0x0000000100000000)
  region size 1024K, 2 young (2048K), 2 survivors (2048K)
 Metaspace       used 163460K, committed 164672K, reserved 1245184K
  class space    used 21479K, committed 22080K, reserved 1048576K
}
Event: 719.514 GC heap before
{Heap before GC invocations=108 (full 0):
 garbage-first heap   total 365568K, used 292394K [0x0000000080000000, 0x0000000100000000)
  region size 1024K, 10 young (10240K), 2 survivors (2048K)
 Metaspace       used 164436K, committed 165568K, reserved 1245184K
  class space    used 21611K, committed 22208K, reserved 1048576K
}
Event: 719.526 GC heap after
{Heap after GC invocations=109 (full 0):
 garbage-first heap   total 365568K, used 285344K [0x0000000080000000, 0x0000000100000000)
  region size 1024K, 3 young (3072K), 3 survivors (3072K)
 Metaspace       used 164436K, committed 165568K, reserved 1245184K
  class space    used 21611K, committed 22208K, reserved 1048576K
}
Event: 720.837 GC heap before
{Heap before GC invocations=110 (full 0):
 garbage-first heap   total 488448K, used 297632K [0x0000000080000000, 0x0000000100000000)
  region size 1024K, 26 young (26624K), 3 survivors (3072K)
 Metaspace       used 165736K, committed 166912K, reserved 1245184K
  class space    used 21738K, committed 22336K, reserved 1048576K
}
Event: 720.848 GC heap after
{Heap after GC invocations=111 (full 0):
 garbage-first heap   total 488448K, used 274729K [0x0000000080000000, 0x0000000100000000)
  region size 1024K, 3 young (3072K), 3 survivors (3072K)
 Metaspace       used 165736K, committed 166912K, reserved 1245184K
  class space    used 21738K, committed 22336K, reserved 1048576K
}
Event: 721.370 GC heap before
{Heap before GC invocations=111 (full 0):
 garbage-first heap   total 488448K, used 295209K [0x0000000080000000, 0x0000000100000000)
  region size 1024K, 23 young (23552K), 3 survivors (3072K)
 Metaspace       used 166151K, committed 167296K, reserved 1245184K
  class space    used 21749K, committed 22336K, reserved 1048576K
}
Event: 721.395 GC heap after
{Heap after GC invocations=112 (full 0):
 garbage-first heap   total 488448K, used 228625K [0x0000000080000000, 0x0000000100000000)
  region size 1024K, 3 young (3072K), 3 survivors (3072K)
 Metaspace       used 166151K, committed 167296K, reserved 1245184K
  class space    used 21749K, committed 22336K, reserved 1048576K
}
Event: 721.903 GC heap before
{Heap before GC invocations=112 (full 0):
 garbage-first heap   total 488448K, used 249105K [0x0000000080000000, 0x0000000100000000)
  region size 1024K, 23 young (23552K), 3 survivors (3072K)
 Metaspace       used 166469K, committed 167616K, reserved 1245184K
  class space    used 21770K, committed 22336K, reserved 1048576K
}
Event: 721.921 GC heap after
{Heap after GC invocations=113 (full 0):
 garbage-first heap   total 488448K, used 224440K [0x0000000080000000, 0x0000000100000000)
  region size 1024K, 1 young (1024K), 1 survivors (1024K)
 Metaspace       used 166469K, committed 167616K, reserved 1245184K
  class space    used 21770K, committed 22336K, reserved 1048576K
}
Event: 725.116 GC heap before
{Heap before GC invocations=113 (full 0):
 garbage-first heap   total 488448K, used 385208K [0x0000000080000000, 0x0000000100000000)
  region size 1024K, 158 young (161792K), 1 survivors (1024K)
 Metaspace       used 170500K, committed 171712K, reserved 1245184K
  class space    used 22421K, committed 23040K, reserved 1048576K
}
Event: 725.137 GC heap after
{Heap after GC invocations=114 (full 0):
 garbage-first heap   total 488448K, used 232202K [0x0000000080000000, 0x0000000100000000)
  region size 1024K, 9 young (9216K), 9 survivors (9216K)
 Metaspace       used 170500K, committed 171712K, reserved 1245184K
  class space    used 22421K, committed 23040K, reserved 1048576K
}
Event: 2403.308 GC heap before
{Heap before GC invocations=115 (full 0):
 garbage-first heap   total 488448K, used 456458K [0x0000000080000000, 0x0000000100000000)
  region size 1024K, 185 young (189440K), 9 survivors (9216K)
 Metaspace       used 173843K, committed 175040K, reserved 1245184K
  class space    used 22829K, committed 23424K, reserved 1048576K
}
Event: 2403.665 GC heap after
{Heap after GC invocations=116 (full 0):
 garbage-first heap   total 488448K, used 234679K [0x0000000080000000, 0x0000000100000000)
  region size 1024K, 11 young (11264K), 11 survivors (11264K)
 Metaspace       used 173843K, committed 175040K, reserved 1245184K
  class space    used 22829K, committed 23424K, reserved 1048576K
}
Event: 2404.315 GC heap before
{Heap before GC invocations=116 (full 0):
 garbage-first heap   total 488448K, used 249015K [0x0000000080000000, 0x0000000100000000)
  region size 1024K, 23 young (23552K), 11 survivors (11264K)
 Metaspace       used 173858K, committed 175040K, reserved 1245184K
  class space    used 22830K, committed 23424K, reserved 1048576K
}
Event: 2404.548 GC heap after
{Heap after GC invocations=117 (full 0):
 garbage-first heap   total 488448K, used 234264K [0x0000000080000000, 0x0000000100000000)
  region size 1024K, 3 young (3072K), 3 survivors (3072K)
 Metaspace       used 173858K, committed 175040K, reserved 1245184K
  class space    used 22830K, committed 23424K, reserved 1048576K
}
Event: 2405.811 GC heap before
{Heap before GC invocations=117 (full 0):
 garbage-first heap   total 488448K, used 278296K [0x0000000080000000, 0x0000000100000000)
  region size 1024K, 48 young (49152K), 3 survivors (3072K)
 Metaspace       used 173956K, committed 175168K, reserved 1245184K
  class space    used 22832K, committed 23424K, reserved 1048576K
}

